\BOOKMARK [0][-]{chapter*.3}{\376\377\000C\000o\000n\000t\000e\000n\000t\000s}{}% 1
\BOOKMARK [0][-]{chapter*.5}{\376\377\000L\000i\000s\000t\000\040\000o\000f\000\040\000T\000a\000b\000l\000e\000s}{}% 2
\BOOKMARK [0][-]{chapter*.6}{\376\377\000L\000i\000s\000t\000\040\000o\000f\000\040\000F\000i\000g\000u\000r\000e\000s}{}% 3
\BOOKMARK [0][-]{chapter.1}{\376\377\000E\000x\000t\000r\000a\000c\000t\000i\000n\000g\000\040\000t\000h\000e\000\040\000m\000u\000l\000t\000i\000m\000o\000d\000a\000l\000\040\000f\000i\000n\000g\000e\000r\000p\000r\000i\000n\000t\000\040\000f\000o\000r\000\040\000t\000r\000a\000n\000s\000p\000o\000r\000t\000a\000t\000i\000o\000n\000\040\000n\000e\000t\000w\000o\000r\000k\000s}{}% 4
\BOOKMARK [1][-]{section.1.1}{\376\377\000P\000r\000e\000l\000u\000d\000e}{chapter.1}% 5
\BOOKMARK [1][-]{section.1.2}{\376\377\000M\000E\000T\000H\000O\000D\000S\000\040\000A\000N\000D\000\040\000D\000A\000T\000A}{chapter.1}% 6
\BOOKMARK [1][-]{section.1.3}{\376\377\000F\000I\000N\000D\000I\000N\000G\000S}{chapter.1}% 7
\BOOKMARK [0][-]{chapter.2}{\376\377\000D\000a\000t\000a\000-\000d\000r\000i\000v\000e\000n\000\040\000s\000t\000r\000a\000t\000e\000g\000i\000e\000s\000\040\000f\000o\000r\000\040\000o\000p\000t\000i\000m\000a\000l\000\040\000b\000i\000c\000y\000c\000l\000e\000\040\000n\000e\000t\000w\000o\000r\000k\000\040\000g\000r\000o\000w\000t\000h}{}% 8
\BOOKMARK [1][-]{section.2.1}{\376\377\000P\000r\000e\000l\000u\000d\000e}{chapter.2}% 9
\BOOKMARK [1][-]{section.2.2}{\376\377\000D\000a\000t\000a\000\040\000a\000c\000q\000u\000i\000s\000i\000t\000i\000o\000n\000\040\000a\000n\000d\000\040\000n\000e\000t\000w\000o\000r\000k\000\040\000c\000o\000n\000s\000t\000r\000u\000c\000t\000i\000o\000n}{chapter.2}% 10
\BOOKMARK [1][-]{section.2.3}{\376\377\000D\000e\000f\000i\000n\000i\000n\000g\000\040\000b\000i\000c\000y\000c\000l\000e\000\040\000n\000e\000t\000w\000o\000r\000k\000\040\000g\000r\000o\000w\000t\000h\000\040\000s\000t\000r\000a\000t\000e\000g\000i\000e\000s\000\040\000a\000n\000d\000\040\000q\000u\000a\000l\000i\000t\000y\000\040\000m\000e\000t\000r\000i\000c\000s}{chapter.2}% 11
\BOOKMARK [1][-]{section.2.4}{\376\377\000G\000r\000o\000w\000i\000n\000g\000\040\000b\000i\000c\000y\000c\000l\000e\000\040\000n\000e\000t\000w\000o\000r\000k\000s\000\040\000s\000h\000o\000w\000s\000\040\000s\000t\000a\000r\000k\000\040\000i\000m\000p\000r\000o\000v\000e\000m\000e\000n\000t\000s\000\040\000w\000i\000t\000h\000\040\000s\000m\000a\000l\000l\000\040\000i\000n\000v\000e\000s\000t\000m\000e\000n\000t\000s}{chapter.2}% 12
\BOOKMARK [1][-]{section.2.5}{\376\377\000D\000i\000f\000f\000e\000r\000e\000n\000t\000\040\000c\000i\000t\000i\000e\000s\000\040\000h\000a\000v\000e\000\040\000d\000i\000f\000f\000e\000r\000e\000n\000t\000\040\000o\000p\000t\000i\000m\000a\000l\000\040\000i\000n\000v\000e\000s\000t\000m\000e\000n\000t\000\040\000s\000t\000r\000a\000t\000e\000g\000i\000e\000s}{chapter.2}% 13
\BOOKMARK [1][-]{section.2.6}{\376\377\000D\000i\000s\000c\000u\000s\000s\000i\000o\000n}{chapter.2}% 14
\BOOKMARK [0][-]{chapter.3}{\376\377\000L\000i\000f\000e\000\040\000q\000u\000a\000l\000i\000t\000y\000\040\000a\000s\000\040\000w\000a\000l\000k\000a\000b\000i\000l\000i\000t\000y}{}% 15
\BOOKMARK [1][-]{section.3.1}{\376\377\000P\000r\000e\000l\000u\000d\000e}{chapter.3}% 16
\BOOKMARK [1][-]{section.3.2}{\376\377\000D\000a\000t\000a}{chapter.3}% 17
\BOOKMARK [1][-]{section.3.3}{\376\377\000Q\000u\000a\000n\000t\000i\000f\000y\000i\000n\000g\000\040\000L\000i\000f\000e\000\040\000Q\000u\000a\000l\000i\000t\000y}{chapter.3}% 18
\BOOKMARK [2][-]{subsection.3.3.1}{\376\377\000T\000h\000e\000\040\000s\000e\000r\000v\000i\000c\000e\000s\000\040\000i\000n\000d\000e\000x\000:\000\040\000Q\001\135\000e\000r\000v\000i\000c\000e\000s}{section.3.3}% 19
\BOOKMARK [2][-]{subsection.3.3.2}{\376\377\000S\000a\000f\000e\000t\000y\000\040\000i\000n\000d\000e\000x\000:\000\040\000Q\001\135\000a\000f\000e\000t\000y}{section.3.3}% 20
\BOOKMARK [2][-]{subsection.3.3.3}{\376\377\000E\000n\000v\000i\000r\000o\000n\000m\000e\000n\000t\000a\000l\000\040\000i\000n\000d\000e\000x\000\040\000Q\000\352\000n\000v\000i\000r\000o\000n\000m\000e\000n\000t}{section.3.3}% 21
\BOOKMARK [1][-]{section.3.4}{\376\377\000R\000e\000s\000u\000l\000t\000s}{chapter.3}% 22
\BOOKMARK [2][-]{subsection.3.4.1}{\376\377\000E\000v\000a\000l\000u\000a\000t\000i\000o\000n}{section.3.4}% 23
\BOOKMARK [1][-]{section.3.5}{\376\377\000D\000i\000s\000c\000u\000s\000s\000i\000o\000n}{chapter.3}% 24
\BOOKMARK [0][-]{chapter.4}{\376\377\000A\000p\000p\000e\000n\000d\000i\000c\000e\000s}{}% 25
\BOOKMARK [1][-]{section.4.1}{\376\377\000L\000i\000f\000e\000\040\000q\000u\000a\000l\000i\000t\000y\000\040\000a\000s\000\040\000w\000a\000l\000k\000a\000b\000i\000l\000i\000t\000y}{chapter.4}% 26
\BOOKMARK [2][-]{subsection.4.1.1}{\376\377\000S\000e\000c\000o\000n\000d\000a\000r\000y\000\040\000d\000a\000t\000a\000\040\000s\000o\000u\000r\000c\000e\000s}{section.4.1}% 27
\BOOKMARK [2][-]{subsection.4.1.2}{\376\377\000W\000e\000i\000g\000h\000t\000s\000\040\000u\000s\000e\000d\000\040\000i\000n\000\040\000t\000h\000e\000\040\000c\000a\000l\000c\000u\000l\000a\000t\000i\000o\000n\000s}{section.4.1}% 28
